 MODEL COMMAND LINE RUNNING PARAMETERS:
 -Q 1  >> Seasonal Forcing Control:
      Q = 0 (Non-activation of an equivalent Transmission Rate)
      Q = 1 (Non Seasonal Forced dynamics with an equivalent Beta)
 -S 2  >> Seasonal Forcing Control:
        S = 0 (No Seasonal Forcing)
        S = 1 (Sinusoidal Seasonal Forcing)
        S = 2 (beta = b_0 * (1 + b_1)^(Term))
        S = 3 (beta = b_0 * (1. + Term * b_1))
        where Term is +1 for school terms and -1 for holidays
 -R 500 >> No REPLICAS or Stochastic Realizations
 -L 1000000 >> Simulation Length
 -F 2048 >> No. of Points entering Spectral Analysis
 Times defining the Staonary Regim:
 -t0 500.000000 >> Initial Time
 -t1 60000.000000 >> Final Time
 -I 138 >> Initial number of Infective Individuals
 -M 44970 >> Initial number of Immune Individuals
 -d 5.5e-05 >> Natural Mortality Rate
  Induced Mortality:
 -a 0 >> 	a=0
  Direct Transmission Rates (Beta):
 -b 0.55 >> 	b=0.55
 -B[k]   >> Maximum and Minimum Transmission rates
       >> k = 0,1
       >> b_0 = 0.55 and b_1= 0.25
 -Y 365 >> Characteristic Period of the Seasonal Forcing
  External Transmission Rates (Immigration):
 -e 1e-05
 -mu 0 >> Loss of Immnunity Rate
 -g 0.077 >> Recovery Rate from the infection phase
 -P 100000 >> Population Size in the Villages

Initial Seasonal Transmission Rate: Beta = 0.55 *(1. + 0.25)^(Term),
being Term = -1.,1.
Equivalent Constant Transmission Rate: Beta = 0.545646	b_1 = 0.
Ininitial Condition: Population Values at the stationary state (Imm = 0):
Populations fractions at Equilibrium (Imm = 0)...
Susceptible: 0.141218
Infective:   0.000612978
Susceptible, S(0) = 14121.789214	Infective, I(0) = 61

Initial Condition: Population Values at the statinary state (Imm = 1e-05):
Populations fractions at Equilibrium (Imm = 1e-05)...
Susceptible: 0.137137
Infective:   0.000615891
Susceptible, S(0) = 13713.713882	Infective, I(0) = 61
Between 500.000000 and 60000.000000 there are 2120 points: t[2120] = 59964.089844
Standarized fluctuations calculated...
Power Spectra calculated and accumulated...
Between 500.000000 and 60000.000000 there are 2122 points: t[2122] = 59995.761719
Standarized fluctuations calculated...
Power Spectra calculated and accumulated...
Between 500.000000 and 60000.000000 there are 2130 points: t[2130] = 59996.515625
Standarized fluctuations calculated...
Power Spectra calculated and accumulated...
Between 500.000000 and 60000.000000 there are 2112 points: t[2112] = 59982.125000
Standarized fluctuations calculated...
Power Spectra calculated and accumulated...
Between 500.000000 and 60000.000000 there are 2120 points: t[2120] = 59943.773438
Standarized fluctuations calculated...
Power Spectra calculated and accumulated...
Between 500.000000 and 60000.000000 there are 2109 points: t[2109] = 59982.492188
Standarized fluctuations calculated...
Power Spectra calculated and accumulated...
Between 500.000000 and 60000.000000 there are 2119 points: t[2119] = 59968.632812
Standarized fluctuations calculated...
Power Spectra calculated and accumulated...
Between 500.000000 and 60000.000000 there are 2119 points: t[2119] = 59982.062500
Standarized fluctuations calculated...
Power Spectra calculated and accumulated...
Between 500.000000 and 60000.000000 there are 2106 points: t[2106] = 59988.808594
Standarized fluctuations calculated...
Power Spectra calculated and accumulated...
Between 500.000000 and 60000.000000 there are 2117 points: t[2117] = 59997.062500
Standarized fluctuations calculated...
Power Spectra calculated and accumulated...
Between 500.000000 and 60000.000000 there are 2113 points: t[2113] = 59984.683594
Standarized fluctuations calculated...
Power Spectra calculated and accumulated...
Between 500.000000 and 60000.000000 there are 2117 points: t[2117] = 59961.851562
Standarized fluctuations calculated...
Power Spectra calculated and accumulated...
Between 500.000000 and 60000.000000 there are 2117 points: t[2117] = 59985.441406
Standarized fluctuations calculated...
Power Spectra calculated and accumulated...
Between 500.000000 and 60000.000000 there are 2120 points: t[2120] = 59989.234375
Standarized fluctuations calculated...
Power Spectra calculated and accumulated...
Between 500.000000 and 60000.000000 there are 2114 points: t[2114] = 59966.132812
Standarized fluctuations calculated...
Power Spectra calculated and accumulated...
Between 500.000000 and 60000.000000 there are 2111 points: t[2111] = 59995.417969
Standarized fluctuations calculated...
Power Spectra calculated and accumulated...
Between 500.000000 and 60000.000000 there are 2113 points: t[2113] = 59998.148438
Standarized fluctuations calculated...
Power Spectra calculated and accumulated...
Between 500.000000 and 60000.000000 there are 2133 points: t[2133] = 59990.003906
Standarized fluctuations calculated...
Power Spectra calculated and accumulated...
Between 500.000000 and 60000.000000 there are 2119 points: t[2119] = 59986.343750
Standarized fluctuations calculated...
Power Spectra calculated and accumulated...
Between 500.000000 and 60000.000000 there are 2121 points: t[2121] = 59987.562500
Standarized fluctuations calculated...
Power Spectra calculated and accumulated...
Between 500.000000 and 60000.000000 there are 2112 points: t[2112] = 59989.015625
Standarized fluctuations calculated...
Power Spectra calculated and accumulated...
Between 500.000000 and 60000.000000 there are 2119 points: t[2119] = 59991.664062
Standarized fluctuations calculated...
Power Spectra calculated and accumulated...
Between 500.000000 and 60000.000000 there are 2117 points: t[2117] = 59979.171875
Standarized fluctuations calculated...
Power Spectra calculated and accumulated...
Between 500.000000 and 60000.000000 there are 2118 points: t[2118] = 59993.039062
Standarized fluctuations calculated...
Power Spectra calculated and accumulated...
Between 500.000000 and 60000.000000 there are 2130 points: t[2130] = 59958.394531
Standarized fluctuations calculated...
Power Spectra calculated and accumulated...
Between 500.000000 and 60000.000000 there are 2118 points: t[2118] = 59984.289062
Standarized fluctuations calculated...
Power Spectra calculated and accumulated...
Between 500.000000 and 60000.000000 there are 2118 points: t[2118] = 59979.027344
Standarized fluctuations calculated...
Power Spectra calculated and accumulated...
Between 500.000000 and 60000.000000 there are 2120 points: t[2120] = 59979.132812
Standarized fluctuations calculated...
Power Spectra calculated and accumulated...
Between 500.000000 and 60000.000000 there are 2113 points: t[2113] = 59979.964844
Standarized fluctuations calculated...
Power Spectra calculated and accumulated...
Between 500.000000 and 60000.000000 there are 2118 points: t[2118] = 59997.867188
Standarized fluctuations calculated...
Power Spectra calculated and accumulated...
Between 500.000000 and 60000.000000 there are 2118 points: t[2118] = 59996.664062
Standarized fluctuations calculated...
Power Spectra calculated and accumulated...
Between 500.000000 and 60000.000000 there are 2123 points: t[2123] = 59973.964844
Standarized fluctuations calculated...
Power Spectra calculated and accumulated...
Between 500.000000 and 60000.000000 there are 2107 points: t[2107] = 59973.699219
Standarized fluctuations calculated...
Power Spectra calculated and accumulated...
Between 500.000000 and 60000.000000 there are 2116 points: t[2116] = 59973.023438
Standarized fluctuations calculated...
Power Spectra calculated and accumulated...
Between 500.000000 and 60000.000000 there are 2115 points: t[2115] = 59961.191406
Standarized fluctuations calculated...
Power Spectra calculated and accumulated...
Between 500.000000 and 60000.000000 there are 2114 points: t[2114] = 59982.117188
Standarized fluctuations calculated...
Power Spectra calculated and accumulated...
Between 500.000000 and 60000.000000 there are 2115 points: t[2115] = 59985.035156
Standarized fluctuations calculated...
Power Spectra calculated and accumulated...
Between 500.000000 and 60000.000000 there are 2120 points: t[2120] = 59981.378906
Standarized fluctuations calculated...
Power Spectra calculated and accumulated...
Between 500.000000 and 60000.000000 there are 2120 points: t[2120] = 59996.679688
Standarized fluctuations calculated...
Power Spectra calculated and accumulated...
Between 500.000000 and 60000.000000 there are 2122 points: t[2122] = 59993.074219
Standarized fluctuations calculated...
Power Spectra calculated and accumulated...
Between 500.000000 and 60000.000000 there are 2121 points: t[2121] = 59963.769531
Standarized fluctuations calculated...
Power Spectra calculated and accumulated...
Between 500.000000 and 60000.000000 there are 2112 points: t[2112] = 59978.179688
Standarized fluctuations calculated...
Power Spectra calculated and accumulated...
Between 500.000000 and 60000.000000 there are 2121 points: t[2121] = 59965.328125
Standarized fluctuations calculated...
Power Spectra calculated and accumulated...
Between 500.000000 and 60000.000000 there are 2121 points: t[2121] = 59961.519531
Standarized fluctuations calculated...
Power Spectra calculated and accumulated...
Between 500.000000 and 60000.000000 there are 2113 points: t[2113] = 59979.789062
Standarized fluctuations calculated...
Power Spectra calculated and accumulated...
Between 500.000000 and 60000.000000 there are 2122 points: t[2122] = 59993.089844
Standarized fluctuations calculated...
Power Spectra calculated and accumulated...
Between 500.000000 and 60000.000000 there are 2122 points: t[2122] = 59981.343750
Standarized fluctuations calculated...
Power Spectra calculated and accumulated...
Between 500.000000 and 60000.000000 there are 2115 points: t[2115] = 59975.304688
Standarized fluctuations calculated...
Power Spectra calculated and accumulated...
Between 500.000000 and 60000.000000 there are 2123 points: t[2123] = 59986.390625
Standarized fluctuations calculated...
Power Spectra calculated and accumulated...
Between 500.000000 and 60000.000000 there are 2125 points: t[2125] = 59994.847656
Standarized fluctuations calculated...
Power Spectra calculated and accumulated...
Between 500.000000 and 60000.000000 there are 2120 points: t[2120] = 59979.863281
Standarized fluctuations calculated...
Power Spectra calculated and accumulated...
Between 500.000000 and 60000.000000 there are 2120 points: t[2120] = 59966.179688
Standarized fluctuations calculated...
Power Spectra calculated and accumulated...
Between 500.000000 and 60000.000000 there are 2114 points: t[2114] = 59984.398438
Standarized fluctuations calculated...
Power Spectra calculated and accumulated...
Between 500.000000 and 60000.000000 there are 2107 points: t[2107] = 59998.269531
Standarized fluctuations calculated...
Power Spectra calculated and accumulated...
Between 500.000000 and 60000.000000 there are 2119 points: t[2119] = 59989.984375
Standarized fluctuations calculated...
Power Spectra calculated and accumulated...
Between 500.000000 and 60000.000000 there are 2123 points: t[2123] = 59980.539062
Standarized fluctuations calculated...
Power Spectra calculated and accumulated...
Between 500.000000 and 60000.000000 there are 2127 points: t[2127] = 59979.695312
Standarized fluctuations calculated...
Power Spectra calculated and accumulated...
Between 500.000000 and 60000.000000 there are 2114 points: t[2114] = 59991.664062
Standarized fluctuations calculated...
Power Spectra calculated and accumulated...
Between 500.000000 and 60000.000000 there are 2121 points: t[2121] = 59982.382812
Standarized fluctuations calculated...
Power Spectra calculated and accumulated...
Between 500.000000 and 60000.000000 there are 2105 points: t[2105] = 59984.996094
Standarized fluctuations calculated...
Power Spectra calculated and accumulated...
Between 500.000000 and 60000.000000 there are 2124 points: t[2124] = 59966.519531
Standarized fluctuations calculated...
Power Spectra calculated and accumulated...
Between 500.000000 and 60000.000000 there are 2123 points: t[2123] = 59938.636719
Standarized fluctuations calculated...
Power Spectra calculated and accumulated...
Between 500.000000 and 60000.000000 there are 2122 points: t[2122] = 59981.726562
Standarized fluctuations calculated...
Power Spectra calculated and accumulated...
Between 500.000000 and 60000.000000 there are 2128 points: t[2128] = 59989.937500
Standarized fluctuations calculated...
Power Spectra calculated and accumulated...
Between 500.000000 and 60000.000000 there are 2109 points: t[2109] = 59997.550781
Standarized fluctuations calculated...
Power Spectra calculated and accumulated...
Between 500.000000 and 60000.000000 there are 2113 points: t[2113] = 59988.589844
Standarized fluctuations calculated...
Power Spectra calculated and accumulated...
Between 500.000000 and 60000.000000 there are 2123 points: t[2123] = 59985.117188
Standarized fluctuations calculated...
Power Spectra calculated and accumulated...
Between 500.000000 and 60000.000000 there are 2115 points: t[2115] = 59992.250000
Standarized fluctuations calculated...
Power Spectra calculated and accumulated...
Between 500.000000 and 60000.000000 there are 2113 points: t[2113] = 59998.667969
Standarized fluctuations calculated...
Power Spectra calculated and accumulated...
Between 500.000000 and 60000.000000 there are 2122 points: t[2122] = 59988.265625
Standarized fluctuations calculated...
Power Spectra calculated and accumulated...
Between 500.000000 and 60000.000000 there are 2116 points: t[2116] = 59987.132812
Standarized fluctuations calculated...
Power Spectra calculated and accumulated...
Between 500.000000 and 60000.000000 there are 2109 points: t[2109] = 59983.445312
Standarized fluctuations calculated...
Power Spectra calculated and accumulated...
Between 500.000000 and 60000.000000 there are 2116 points: t[2116] = 59954.933594
Standarized fluctuations calculated...
Power Spectra calculated and accumulated...
Between 500.000000 and 60000.000000 there are 2112 points: t[2112] = 59989.964844
Standarized fluctuations calculated...
Power Spectra calculated and accumulated...
Between 500.000000 and 60000.000000 there are 2110 points: t[2110] = 59947.882812
Standarized fluctuations calculated...
Power Spectra calculated and accumulated...
Between 500.000000 and 60000.000000 there are 2120 points: t[2120] = 59999.867188
Standarized fluctuations calculated...
Power Spectra calculated and accumulated...
Between 500.000000 and 60000.000000 there are 2119 points: t[2119] = 59989.855469
Standarized fluctuations calculated...
Power Spectra calculated and accumulated...
Between 500.000000 and 60000.000000 there are 2116 points: t[2116] = 59961.937500
Standarized fluctuations calculated...
Power Spectra calculated and accumulated...
Between 500.000000 and 60000.000000 there are 2116 points: t[2116] = 59986.785156
Standarized fluctuations calculated...
Power Spectra calculated and accumulated...
Between 500.000000 and 60000.000000 there are 2122 points: t[2122] = 59992.585938
Standarized fluctuations calculated...
Power Spectra calculated and accumulated...
Between 500.000000 and 60000.000000 there are 2120 points: t[2120] = 59994.453125
Standarized fluctuations calculated...
Power Spectra calculated and accumulated...
Between 500.000000 and 60000.000000 there are 2115 points: t[2115] = 59992.808594
Standarized fluctuations calculated...
Power Spectra calculated and accumulated...
Between 500.000000 and 60000.000000 there are 2113 points: t[2113] = 59967.617188
Standarized fluctuations calculated...
Power Spectra calculated and accumulated...
Between 500.000000 and 60000.000000 there are 2128 points: t[2128] = 59967.718750
Standarized fluctuations calculated...
Power Spectra calculated and accumulated...
Between 500.000000 and 60000.000000 there are 2118 points: t[2118] = 59958.156250
Standarized fluctuations calculated...
Power Spectra calculated and accumulated...
Between 500.000000 and 60000.000000 there are 2116 points: t[2116] = 59982.460938
Standarized fluctuations calculated...
Power Spectra calculated and accumulated...
Between 500.000000 and 60000.000000 there are 2124 points: t[2124] = 59988.265625
Standarized fluctuations calculated...
Power Spectra calculated and accumulated...
Between 500.000000 and 60000.000000 there are 2106 points: t[2106] = 59984.257812
Standarized fluctuations calculated...
Power Spectra calculated and accumulated...
Between 500.000000 and 60000.000000 there are 2124 points: t[2124] = 59981.363281
Standarized fluctuations calculated...
Power Spectra calculated and accumulated...
Between 500.000000 and 60000.000000 there are 2119 points: t[2119] = 59997.390625
Standarized fluctuations calculated...
Power Spectra calculated and accumulated...
Between 500.000000 and 60000.000000 there are 2116 points: t[2116] = 59971.332031
Standarized fluctuations calculated...
Power Spectra calculated and accumulated...
Between 500.000000 and 60000.000000 there are 2120 points: t[2120] = 59997.378906
Standarized fluctuations calculated...
Power Spectra calculated and accumulated...
Between 500.000000 and 60000.000000 there are 2113 points: t[2113] = 59993.570312
Standarized fluctuations calculated...
Power Spectra calculated and accumulated...
Between 500.000000 and 60000.000000 there are 2114 points: t[2114] = 59983.710938
Standarized fluctuations calculated...
Power Spectra calculated and accumulated...
Between 500.000000 and 60000.000000 there are 2122 points: t[2122] = 59985.824219
Standarized fluctuations calculated...
Power Spectra calculated and accumulated...
Between 500.000000 and 60000.000000 there are 2114 points: t[2114] = 59979.421875
Standarized fluctuations calculated...
Power Spectra calculated and accumulated...
Between 500.000000 and 60000.000000 there are 2113 points: t[2113] = 59969.878906
Standarized fluctuations calculated...
Power Spectra calculated and accumulated...
Between 500.000000 and 60000.000000 there are 2126 points: t[2126] = 59998.164062
Standarized fluctuations calculated...
Power Spectra calculated and accumulated...
Between 500.000000 and 60000.000000 there are 2104 points: t[2104] = 59955.957031
Standarized fluctuations calculated...
Power Spectra calculated and accumulated...
Between 500.000000 and 60000.000000 there are 2117 points: t[2117] = 59984.640625
Standarized fluctuations calculated...
Power Spectra calculated and accumulated...
Between 500.000000 and 60000.000000 there are 2123 points: t[2123] = 59986.000000
Standarized fluctuations calculated...
Power Spectra calculated and accumulated...
Between 500.000000 and 60000.000000 there are 2110 points: t[2110] = 59973.070312
Standarized fluctuations calculated...
Power Spectra calculated and accumulated...
Between 500.000000 and 60000.000000 there are 2117 points: t[2117] = 59997.699219
Standarized fluctuations calculated...
Power Spectra calculated and accumulated...
Between 500.000000 and 60000.000000 there are 2134 points: t[2134] = 59995.468750
Standarized fluctuations calculated...
Power Spectra calculated and accumulated...
Between 500.000000 and 60000.000000 there are 2116 points: t[2116] = 59983.585938
Standarized fluctuations calculated...
Power Spectra calculated and accumulated...
Between 500.000000 and 60000.000000 there are 2110 points: t[2110] = 59994.203125
Standarized fluctuations calculated...
Power Spectra calculated and accumulated...
Between 500.000000 and 60000.000000 there are 2116 points: t[2116] = 59988.359375
Standarized fluctuations calculated...
Power Spectra calculated and accumulated...
Between 500.000000 and 60000.000000 there are 2114 points: t[2114] = 59965.972656
Standarized fluctuations calculated...
Power Spectra calculated and accumulated...
Between 500.000000 and 60000.000000 there are 2122 points: t[2122] = 59974.238281
Standarized fluctuations calculated...
Power Spectra calculated and accumulated...
Between 500.000000 and 60000.000000 there are 2114 points: t[2114] = 59998.609375
Standarized fluctuations calculated...
Power Spectra calculated and accumulated...
Between 500.000000 and 60000.000000 there are 2120 points: t[2120] = 59978.855469
Standarized fluctuations calculated...
Power Spectra calculated and accumulated...
Between 500.000000 and 60000.000000 there are 2118 points: t[2118] = 59988.757812
Standarized fluctuations calculated...
Power Spectra calculated and accumulated...
Between 500.000000 and 60000.000000 there are 2106 points: t[2106] = 59994.628906
Standarized fluctuations calculated...
Power Spectra calculated and accumulated...
Between 500.000000 and 60000.000000 there are 2113 points: t[2113] = 59988.761719
Standarized fluctuations calculated...
Power Spectra calculated and accumulated...
Between 500.000000 and 60000.000000 there are 2122 points: t[2122] = 59991.957031
Standarized fluctuations calculated...
Power Spectra calculated and accumulated...
Between 500.000000 and 60000.000000 there are 2120 points: t[2120] = 59986.453125
Standarized fluctuations calculated...
Power Spectra calculated and accumulated...
Between 500.000000 and 60000.000000 there are 2116 points: t[2116] = 59995.207031
Standarized fluctuations calculated...
Power Spectra calculated and accumulated...
Between 500.000000 and 60000.000000 there are 2120 points: t[2120] = 59984.207031
Standarized fluctuations calculated...
Power Spectra calculated and accumulated...
Between 500.000000 and 60000.000000 there are 2109 points: t[2109] = 59984.285156
Standarized fluctuations calculated...
Power Spectra calculated and accumulated...
Between 500.000000 and 60000.000000 there are 2115 points: t[2115] = 59984.324219
Standarized fluctuations calculated...
Power Spectra calculated and accumulated...
Between 500.000000 and 60000.000000 there are 2115 points: t[2115] = 59990.167969
Standarized fluctuations calculated...
Power Spectra calculated and accumulated...
Between 500.000000 and 60000.000000 there are 2113 points: t[2113] = 59968.355469
Standarized fluctuations calculated...
Power Spectra calculated and accumulated...
Between 500.000000 and 60000.000000 there are 2116 points: t[2116] = 59989.390625
Standarized fluctuations calculated...
Power Spectra calculated and accumulated...
Between 500.000000 and 60000.000000 there are 2115 points: t[2115] = 59990.167969
Standarized fluctuations calculated...
Power Spectra calculated and accumulated...
Between 500.000000 and 60000.000000 there are 2120 points: t[2120] = 59936.707031
Standarized fluctuations calculated...
Power Spectra calculated and accumulated...
Between 500.000000 and 60000.000000 there are 2119 points: t[2119] = 59982.867188
Standarized fluctuations calculated...
Power Spectra calculated and accumulated...
Between 500.000000 and 60000.000000 there are 2105 points: t[2105] = 59994.714844
Standarized fluctuations calculated...
Power Spectra calculated and accumulated...
Between 500.000000 and 60000.000000 there are 2116 points: t[2116] = 59970.355469
Standarized fluctuations calculated...
Power Spectra calculated and accumulated...
Between 500.000000 and 60000.000000 there are 2118 points: t[2118] = 59991.355469
Standarized fluctuations calculated...
Power Spectra calculated and accumulated...
Between 500.000000 and 60000.000000 there are 2118 points: t[2118] = 59988.796875
Standarized fluctuations calculated...
Power Spectra calculated and accumulated...
Between 500.000000 and 60000.000000 there are 2117 points: t[2117] = 59990.773438
Standarized fluctuations calculated...
Power Spectra calculated and accumulated...
Between 500.000000 and 60000.000000 there are 2123 points: t[2123] = 59992.613281
Standarized fluctuations calculated...
Power Spectra calculated and accumulated...
Between 500.000000 and 60000.000000 there are 2119 points: t[2119] = 59989.582031
Standarized fluctuations calculated...
Power Spectra calculated and accumulated...
Between 500.000000 and 60000.000000 there are 2116 points: t[2116] = 59979.855469
Standarized fluctuations calculated...
Power Spectra calculated and accumulated...
Between 500.000000 and 60000.000000 there are 2105 points: t[2105] = 59962.597656
Standarized fluctuations calculated...
Power Spectra calculated and accumulated...
Between 500.000000 and 60000.000000 there are 2115 points: t[2115] = 59967.117188
Standarized fluctuations calculated...
Power Spectra calculated and accumulated...
Between 500.000000 and 60000.000000 there are 2111 points: t[2111] = 59969.375000
Standarized fluctuations calculated...
Power Spectra calculated and accumulated...
Between 500.000000 and 60000.000000 there are 2121 points: t[2121] = 59991.589844
Standarized fluctuations calculated...
Power Spectra calculated and accumulated...
Between 500.000000 and 60000.000000 there are 2113 points: t[2113] = 59993.332031
Standarized fluctuations calculated...
Power Spectra calculated and accumulated...
Between 500.000000 and 60000.000000 there are 2118 points: t[2118] = 59998.019531
Standarized fluctuations calculated...
Power Spectra calculated and accumulated...
Between 500.000000 and 60000.000000 there are 2119 points: t[2119] = 59997.722656
Standarized fluctuations calculated...
Power Spectra calculated and accumulated...
Between 500.000000 and 60000.000000 there are 2122 points: t[2122] = 59985.464844
Standarized fluctuations calculated...
Power Spectra calculated and accumulated...
Between 500.000000 and 60000.000000 there are 2117 points: t[2117] = 59996.785156
Standarized fluctuations calculated...
Power Spectra calculated and accumulated...
Between 500.000000 and 60000.000000 there are 2111 points: t[2111] = 59978.691406
Standarized fluctuations calculated...
Power Spectra calculated and accumulated...
Between 500.000000 and 60000.000000 there are 2117 points: t[2117] = 59969.390625
Standarized fluctuations calculated...
Power Spectra calculated and accumulated...
Between 500.000000 and 60000.000000 there are 2107 points: t[2107] = 59985.593750
Standarized fluctuations calculated...
Power Spectra calculated and accumulated...
Between 500.000000 and 60000.000000 there are 2114 points: t[2114] = 59994.324219
Standarized fluctuations calculated...
Power Spectra calculated and accumulated...
Between 500.000000 and 60000.000000 there are 2118 points: t[2118] = 59997.902344
Standarized fluctuations calculated...
Power Spectra calculated and accumulated...
Between 500.000000 and 60000.000000 there are 2119 points: t[2119] = 59984.480469
Standarized fluctuations calculated...
Power Spectra calculated and accumulated...
Between 500.000000 and 60000.000000 there are 2119 points: t[2119] = 59994.925781
Standarized fluctuations calculated...
Power Spectra calculated and accumulated...
Between 500.000000 and 60000.000000 there are 2112 points: t[2112] = 59985.796875
Standarized fluctuations calculated...
Power Spectra calculated and accumulated...
Between 500.000000 and 60000.000000 there are 2120 points: t[2120] = 59994.589844
Standarized fluctuations calculated...
Power Spectra calculated and accumulated...
Between 500.000000 and 60000.000000 there are 2122 points: t[2122] = 59955.968750
Standarized fluctuations calculated...
Power Spectra calculated and accumulated...
Between 500.000000 and 60000.000000 there are 2126 points: t[2126] = 59998.128906
Standarized fluctuations calculated...
Power Spectra calculated and accumulated...
Between 500.000000 and 60000.000000 there are 2117 points: t[2117] = 59997.093750
Standarized fluctuations calculated...
Power Spectra calculated and accumulated...
Between 500.000000 and 60000.000000 there are 2109 points: t[2109] = 59999.500000
Standarized fluctuations calculated...
Power Spectra calculated and accumulated...
Between 500.000000 and 60000.000000 there are 2122 points: t[2122] = 59983.070312
Standarized fluctuations calculated...
Power Spectra calculated and accumulated...
Between 500.000000 and 60000.000000 there are 2113 points: t[2113] = 59977.230469
Standarized fluctuations calculated...
Power Spectra calculated and accumulated...
Between 500.000000 and 60000.000000 there are 2122 points: t[2122] = 59990.593750
Standarized fluctuations calculated...
Power Spectra calculated and accumulated...
Between 500.000000 and 60000.000000 there are 2119 points: t[2119] = 59972.164062
Standarized fluctuations calculated...
Power Spectra calculated and accumulated...
Between 500.000000 and 60000.000000 there are 2122 points: t[2122] = 59978.425781
Standarized fluctuations calculated...
Power Spectra calculated and accumulated...
Between 500.000000 and 60000.000000 there are 2116 points: t[2116] = 59985.105469
Standarized fluctuations calculated...
Power Spectra calculated and accumulated...
Between 500.000000 and 60000.000000 there are 2126 points: t[2126] = 59988.636719
Standarized fluctuations calculated...
Power Spectra calculated and accumulated...
Between 500.000000 and 60000.000000 there are 2119 points: t[2119] = 59988.429688
Standarized fluctuations calculated...
Power Spectra calculated and accumulated...
Between 500.000000 and 60000.000000 there are 2121 points: t[2121] = 59991.652344
Standarized fluctuations calculated...
Power Spectra calculated and accumulated...
Between 500.000000 and 60000.000000 there are 2126 points: t[2126] = 59987.160156
Standarized fluctuations calculated...
Power Spectra calculated and accumulated...
Between 500.000000 and 60000.000000 there are 2107 points: t[2107] = 59996.250000
Standarized fluctuations calculated...
Power Spectra calculated and accumulated...
Between 500.000000 and 60000.000000 there are 2109 points: t[2109] = 59940.660156
Standarized fluctuations calculated...
Power Spectra calculated and accumulated...
Between 500.000000 and 60000.000000 there are 2111 points: t[2111] = 59967.847656
Standarized fluctuations calculated...
Power Spectra calculated and accumulated...
Between 500.000000 and 60000.000000 there are 2128 points: t[2128] = 59987.492188
Standarized fluctuations calculated...
Power Spectra calculated and accumulated...
Between 500.000000 and 60000.000000 there are 2116 points: t[2116] = 59979.070312
Standarized fluctuations calculated...
Power Spectra calculated and accumulated...
Between 500.000000 and 60000.000000 there are 2111 points: t[2111] = 59954.699219
Standarized fluctuations calculated...
Power Spectra calculated and accumulated...
Between 500.000000 and 60000.000000 there are 2118 points: t[2118] = 59998.683594
Standarized fluctuations calculated...
Power Spectra calculated and accumulated...
Between 500.000000 and 60000.000000 there are 2117 points: t[2117] = 59974.515625
Standarized fluctuations calculated...
Power Spectra calculated and accumulated...
Between 500.000000 and 60000.000000 there are 2121 points: t[2121] = 59991.566406
Standarized fluctuations calculated...
Power Spectra calculated and accumulated...
Between 500.000000 and 60000.000000 there are 2118 points: t[2118] = 59982.378906
Standarized fluctuations calculated...
Power Spectra calculated and accumulated...
Between 500.000000 and 60000.000000 there are 2114 points: t[2114] = 59988.191406
Standarized fluctuations calculated...
Power Spectra calculated and accumulated...
Between 500.000000 and 60000.000000 there are 2120 points: t[2120] = 59991.648438
Standarized fluctuations calculated...
Power Spectra calculated and accumulated...
Between 500.000000 and 60000.000000 there are 2116 points: t[2116] = 59999.679688
Standarized fluctuations calculated...
Power Spectra calculated and accumulated...
Between 500.000000 and 60000.000000 there are 2120 points: t[2120] = 59997.863281
Standarized fluctuations calculated...
Power Spectra calculated and accumulated...
Between 500.000000 and 60000.000000 there are 2113 points: t[2113] = 59966.500000
Standarized fluctuations calculated...
Power Spectra calculated and accumulated...
Between 500.000000 and 60000.000000 there are 2112 points: t[2112] = 59988.875000
Standarized fluctuations calculated...
Power Spectra calculated and accumulated...
Between 500.000000 and 60000.000000 there are 2104 points: t[2104] = 59932.617188
Standarized fluctuations calculated...
Power Spectra calculated and accumulated...
Between 500.000000 and 60000.000000 there are 2129 points: t[2129] = 59997.726562
Standarized fluctuations calculated...
Power Spectra calculated and accumulated...
Between 500.000000 and 60000.000000 there are 2122 points: t[2122] = 59978.503906
Standarized fluctuations calculated...
Power Spectra calculated and accumulated...
Between 500.000000 and 60000.000000 there are 2118 points: t[2118] = 59969.359375
Standarized fluctuations calculated...
Power Spectra calculated and accumulated...
Between 500.000000 and 60000.000000 there are 2125 points: t[2125] = 59997.402344
Standarized fluctuations calculated...
Power Spectra calculated and accumulated...
Between 500.000000 and 60000.000000 there are 2130 points: t[2130] = 59996.914062
Standarized fluctuations calculated...
Power Spectra calculated and accumulated...
Between 500.000000 and 60000.000000 there are 2116 points: t[2116] = 59969.667969
Standarized fluctuations calculated...
Power Spectra calculated and accumulated...
Between 500.000000 and 60000.000000 there are 2106 points: t[2106] = 59972.863281
Standarized fluctuations calculated...
Power Spectra calculated and accumulated...
Between 500.000000 and 60000.000000 there are 2105 points: t[2105] = 59998.335938
Standarized fluctuations calculated...
Power Spectra calculated and accumulated...
Between 500.000000 and 60000.000000 there are 2127 points: t[2127] = 59991.410156
Standarized fluctuations calculated...
Power Spectra calculated and accumulated...
Between 500.000000 and 60000.000000 there are 2117 points: t[2117] = 59991.328125
Standarized fluctuations calculated...
Power Spectra calculated and accumulated...
Between 500.000000 and 60000.000000 there are 2112 points: t[2112] = 59980.105469
Standarized fluctuations calculated...
Power Spectra calculated and accumulated...
Between 500.000000 and 60000.000000 there are 2117 points: t[2117] = 59994.492188
Standarized fluctuations calculated...
Power Spectra calculated and accumulated...
Between 500.000000 and 60000.000000 there are 2117 points: t[2117] = 59985.210938
Standarized fluctuations calculated...
Power Spectra calculated and accumulated...
Between 500.000000 and 60000.000000 there are 2120 points: t[2120] = 59983.484375
Standarized fluctuations calculated...
Power Spectra calculated and accumulated...
Between 500.000000 and 60000.000000 there are 2111 points: t[2111] = 59999.960938
Standarized fluctuations calculated...
Power Spectra calculated and accumulated...
Between 500.000000 and 60000.000000 there are 2115 points: t[2115] = 59964.628906
Standarized fluctuations calculated...
Power Spectra calculated and accumulated...
Between 500.000000 and 60000.000000 there are 2113 points: t[2113] = 59996.980469
Standarized fluctuations calculated...
Power Spectra calculated and accumulated...
Between 500.000000 and 60000.000000 there are 2106 points: t[2106] = 59942.136719
Standarized fluctuations calculated...
Power Spectra calculated and accumulated...
Between 500.000000 and 60000.000000 there are 2113 points: t[2113] = 59981.382812
Standarized fluctuations calculated...
Power Spectra calculated and accumulated...
Between 500.000000 and 60000.000000 there are 2124 points: t[2124] = 59983.753906
Standarized fluctuations calculated...
Power Spectra calculated and accumulated...
Between 500.000000 and 60000.000000 there are 2117 points: t[2117] = 59976.878906
Standarized fluctuations calculated...
Power Spectra calculated and accumulated...
Between 500.000000 and 60000.000000 there are 2119 points: t[2119] = 59983.386719
Standarized fluctuations calculated...
Power Spectra calculated and accumulated...
Between 500.000000 and 60000.000000 there are 2124 points: t[2124] = 59981.269531
Standarized fluctuations calculated...
Power Spectra calculated and accumulated...
Between 500.000000 and 60000.000000 there are 2108 points: t[2108] = 59981.218750
Standarized fluctuations calculated...
Power Spectra calculated and accumulated...
Between 500.000000 and 60000.000000 there are 2124 points: t[2124] = 59990.656250
Standarized fluctuations calculated...
Power Spectra calculated and accumulated...
Between 500.000000 and 60000.000000 there are 2105 points: t[2105] = 59975.945312
Standarized fluctuations calculated...
Power Spectra calculated and accumulated...
Between 500.000000 and 60000.000000 there are 2114 points: t[2114] = 59986.691406
Standarized fluctuations calculated...
Power Spectra calculated and accumulated...
Between 500.000000 and 60000.000000 there are 2121 points: t[2121] = 59968.542969
Standarized fluctuations calculated...
Power Spectra calculated and accumulated...
Between 500.000000 and 60000.000000 there are 2130 points: t[2130] = 59964.187500
Standarized fluctuations calculated...
Power Spectra calculated and accumulated...
Between 500.000000 and 60000.000000 there are 2114 points: t[2114] = 59993.421875
Standarized fluctuations calculated...
Power Spectra calculated and accumulated...
Between 500.000000 and 60000.000000 there are 2110 points: t[2110] = 59997.070312
Standarized fluctuations calculated...
Power Spectra calculated and accumulated...
Between 500.000000 and 60000.000000 there are 2120 points: t[2120] = 59987.574219
Standarized fluctuations calculated...
Power Spectra calculated and accumulated...
Between 500.000000 and 60000.000000 there are 2118 points: t[2118] = 59942.199219
Standarized fluctuations calculated...
Power Spectra calculated and accumulated...
Between 500.000000 and 60000.000000 there are 2117 points: t[2117] = 59983.125000
Standarized fluctuations calculated...
Power Spectra calculated and accumulated...
Between 500.000000 and 60000.000000 there are 2125 points: t[2125] = 59988.339844
Standarized fluctuations calculated...
Power Spectra calculated and accumulated...
Between 500.000000 and 60000.000000 there are 2116 points: t[2116] = 59993.234375
Standarized fluctuations calculated...
Power Spectra calculated and accumulated...
Between 500.000000 and 60000.000000 there are 2121 points: t[2121] = 59991.507812
Standarized fluctuations calculated...
Power Spectra calculated and accumulated...
Between 500.000000 and 60000.000000 there are 2119 points: t[2119] = 59962.085938
Standarized fluctuations calculated...
Power Spectra calculated and accumulated...
Between 500.000000 and 60000.000000 there are 2108 points: t[2108] = 59966.730469
Standarized fluctuations calculated...
Power Spectra calculated and accumulated...
Between 500.000000 and 60000.000000 there are 2127 points: t[2127] = 59990.332031
Standarized fluctuations calculated...
Power Spectra calculated and accumulated...
Between 500.000000 and 60000.000000 there are 2119 points: t[2119] = 59972.714844
Standarized fluctuations calculated...
Power Spectra calculated and accumulated...
Between 500.000000 and 60000.000000 there are 2111 points: t[2111] = 59992.367188
Standarized fluctuations calculated...
Power Spectra calculated and accumulated...
Between 500.000000 and 60000.000000 there are 2116 points: t[2116] = 59974.855469
Standarized fluctuations calculated...
Power Spectra calculated and accumulated...
Between 500.000000 and 60000.000000 there are 2126 points: t[2126] = 59988.375000
Standarized fluctuations calculated...
Power Spectra calculated and accumulated...
Between 500.000000 and 60000.000000 there are 2118 points: t[2118] = 59976.828125
Standarized fluctuations calculated...
Power Spectra calculated and accumulated...
Between 500.000000 and 60000.000000 there are 2123 points: t[2123] = 59949.519531
Standarized fluctuations calculated...
Power Spectra calculated and accumulated...
Between 500.000000 and 60000.000000 there are 2122 points: t[2122] = 59982.542969
Standarized fluctuations calculated...
Power Spectra calculated and accumulated...
Between 500.000000 and 60000.000000 there are 2111 points: t[2111] = 59981.613281
Standarized fluctuations calculated...
Power Spectra calculated and accumulated...
Between 500.000000 and 60000.000000 there are 2121 points: t[2121] = 59992.648438
Standarized fluctuations calculated...
Power Spectra calculated and accumulated...
Between 500.000000 and 60000.000000 there are 2126 points: t[2126] = 59994.480469
Standarized fluctuations calculated...
Power Spectra calculated and accumulated...
Between 500.000000 and 60000.000000 there are 2103 points: t[2103] = 59993.707031
Standarized fluctuations calculated...
Power Spectra calculated and accumulated...
Between 500.000000 and 60000.000000 there are 2114 points: t[2114] = 59994.957031
Standarized fluctuations calculated...
Power Spectra calculated and accumulated...
Between 500.000000 and 60000.000000 there are 2118 points: t[2118] = 59960.308594
Standarized fluctuations calculated...
Power Spectra calculated and accumulated...
Between 500.000000 and 60000.000000 there are 2115 points: t[2115] = 59990.757812
Standarized fluctuations calculated...
Power Spectra calculated and accumulated...
Between 500.000000 and 60000.000000 there are 2118 points: t[2118] = 59968.468750
Standarized fluctuations calculated...
Power Spectra calculated and accumulated...
Between 500.000000 and 60000.000000 there are 2118 points: t[2118] = 59996.804688
Standarized fluctuations calculated...
Power Spectra calculated and accumulated...
Between 500.000000 and 60000.000000 there are 2116 points: t[2116] = 59959.203125
Standarized fluctuations calculated...
Power Spectra calculated and accumulated...
Between 500.000000 and 60000.000000 there are 2102 points: t[2102] = 59976.074219
Standarized fluctuations calculated...
Power Spectra calculated and accumulated...
Between 500.000000 and 60000.000000 there are 2127 points: t[2127] = 59997.621094
Standarized fluctuations calculated...
Power Spectra calculated and accumulated...
Between 500.000000 and 60000.000000 there are 2126 points: t[2126] = 59990.710938
Standarized fluctuations calculated...
Power Spectra calculated and accumulated...
Between 500.000000 and 60000.000000 there are 2118 points: t[2118] = 59997.796875
Standarized fluctuations calculated...
Power Spectra calculated and accumulated...
Between 500.000000 and 60000.000000 there are 2117 points: t[2117] = 59992.234375
Standarized fluctuations calculated...
Power Spectra calculated and accumulated...
Between 500.000000 and 60000.000000 there are 2119 points: t[2119] = 59992.449219
Standarized fluctuations calculated...
Power Spectra calculated and accumulated...
Between 500.000000 and 60000.000000 there are 2124 points: t[2124] = 59976.640625
Standarized fluctuations calculated...
Power Spectra calculated and accumulated...
Between 500.000000 and 60000.000000 there are 2113 points: t[2113] = 59986.886719
Standarized fluctuations calculated...
Power Spectra calculated and accumulated...
Between 500.000000 and 60000.000000 there are 2118 points: t[2118] = 59968.929688
Standarized fluctuations calculated...
Power Spectra calculated and accumulated...
Between 500.000000 and 60000.000000 there are 2111 points: t[2111] = 59993.332031
Standarized fluctuations calculated...
Power Spectra calculated and accumulated...
Between 500.000000 and 60000.000000 there are 2117 points: t[2117] = 59991.593750
Standarized fluctuations calculated...
Power Spectra calculated and accumulated...
Between 500.000000 and 60000.000000 there are 2114 points: t[2114] = 59993.835938
Standarized fluctuations calculated...
Power Spectra calculated and accumulated...
Between 500.000000 and 60000.000000 there are 2128 points: t[2128] = 59956.917969
Standarized fluctuations calculated...
Power Spectra calculated and accumulated...
Between 500.000000 and 60000.000000 there are 2114 points: t[2114] = 59971.847656
Standarized fluctuations calculated...
Power Spectra calculated and accumulated...
Between 500.000000 and 60000.000000 there are 2111 points: t[2111] = 59954.265625
Standarized fluctuations calculated...
Power Spectra calculated and accumulated...
Between 500.000000 and 60000.000000 there are 2108 points: t[2108] = 59994.113281
Standarized fluctuations calculated...
Power Spectra calculated and accumulated...
Between 500.000000 and 60000.000000 there are 2119 points: t[2119] = 59978.007812
Standarized fluctuations calculated...
Power Spectra calculated and accumulated...
Between 500.000000 and 60000.000000 there are 2114 points: t[2114] = 59981.332031
Standarized fluctuations calculated...
Power Spectra calculated and accumulated...
Between 500.000000 and 60000.000000 there are 2112 points: t[2112] = 59981.390625
Standarized fluctuations calculated...
Power Spectra calculated and accumulated...
Between 500.000000 and 60000.000000 there are 2117 points: t[2117] = 59981.089844
Standarized fluctuations calculated...
Power Spectra calculated and accumulated...
Between 500.000000 and 60000.000000 there are 2124 points: t[2124] = 59976.242188
Standarized fluctuations calculated...
Power Spectra calculated and accumulated...
Between 500.000000 and 60000.000000 there are 2118 points: t[2118] = 59994.308594
Standarized fluctuations calculated...
Power Spectra calculated and accumulated...
Between 500.000000 and 60000.000000 there are 2114 points: t[2114] = 59965.441406
Standarized fluctuations calculated...
Power Spectra calculated and accumulated...
Between 500.000000 and 60000.000000 there are 2117 points: t[2117] = 59995.726562
Standarized fluctuations calculated...
Power Spectra calculated and accumulated...
Between 500.000000 and 60000.000000 there are 2115 points: t[2115] = 59983.246094
Standarized fluctuations calculated...
Power Spectra calculated and accumulated...
Between 500.000000 and 60000.000000 there are 2111 points: t[2111] = 59988.824219
Standarized fluctuations calculated...
Power Spectra calculated and accumulated...
Between 500.000000 and 60000.000000 there are 2131 points: t[2131] = 59982.722656
Standarized fluctuations calculated...
Power Spectra calculated and accumulated...
Between 500.000000 and 60000.000000 there are 2123 points: t[2123] = 59993.148438
Standarized fluctuations calculated...
Power Spectra calculated and accumulated...
Between 500.000000 and 60000.000000 there are 2117 points: t[2117] = 59993.753906
Standarized fluctuations calculated...
Power Spectra calculated and accumulated...
Between 500.000000 and 60000.000000 there are 2113 points: t[2113] = 59988.933594
Standarized fluctuations calculated...
Power Spectra calculated and accumulated...
Between 500.000000 and 60000.000000 there are 2106 points: t[2106] = 59998.089844
Standarized fluctuations calculated...
Power Spectra calculated and accumulated...
Between 500.000000 and 60000.000000 there are 2111 points: t[2111] = 59953.875000
Standarized fluctuations calculated...
Power Spectra calculated and accumulated...
Between 500.000000 and 60000.000000 there are 2117 points: t[2117] = 59963.371094
Standarized fluctuations calculated...
Power Spectra calculated and accumulated...
Between 500.000000 and 60000.000000 there are 2114 points: t[2114] = 59981.640625
Standarized fluctuations calculated...
Power Spectra calculated and accumulated...
Between 500.000000 and 60000.000000 there are 2111 points: t[2111] = 59998.539062
Standarized fluctuations calculated...
Power Spectra calculated and accumulated...
Between 500.000000 and 60000.000000 there are 2118 points: t[2118] = 59988.457031
Standarized fluctuations calculated...
Power Spectra calculated and accumulated...
Between 500.000000 and 60000.000000 there are 2114 points: t[2114] = 59996.144531
Standarized fluctuations calculated...
Power Spectra calculated and accumulated...
Between 500.000000 and 60000.000000 there are 2103 points: t[2103] = 59975.601562
Standarized fluctuations calculated...
Power Spectra calculated and accumulated...
Between 500.000000 and 60000.000000 there are 2123 points: t[2123] = 59980.351562
Standarized fluctuations calculated...
Power Spectra calculated and accumulated...
Between 500.000000 and 60000.000000 there are 2118 points: t[2118] = 59995.582031
Standarized fluctuations calculated...
Power Spectra calculated and accumulated...
Between 500.000000 and 60000.000000 there are 2124 points: t[2124] = 59979.261719
Standarized fluctuations calculated...
Power Spectra calculated and accumulated...
Between 500.000000 and 60000.000000 there are 2108 points: t[2108] = 59984.890625
Standarized fluctuations calculated...
Power Spectra calculated and accumulated...
Between 500.000000 and 60000.000000 there are 2116 points: t[2116] = 59988.082031
Standarized fluctuations calculated...
Power Spectra calculated and accumulated...
Between 500.000000 and 60000.000000 there are 2110 points: t[2110] = 59994.605469
Standarized fluctuations calculated...
Power Spectra calculated and accumulated...
Between 500.000000 and 60000.000000 there are 2125 points: t[2125] = 59997.316406
Standarized fluctuations calculated...
Power Spectra calculated and accumulated...
Between 500.000000 and 60000.000000 there are 2118 points: t[2118] = 59974.417969
Standarized fluctuations calculated...
Power Spectra calculated and accumulated...
Between 500.000000 and 60000.000000 there are 2113 points: t[2113] = 59974.621094
Standarized fluctuations calculated...
Power Spectra calculated and accumulated...
Between 500.000000 and 60000.000000 there are 2118 points: t[2118] = 59979.824219
Standarized fluctuations calculated...
Power Spectra calculated and accumulated...
Between 500.000000 and 60000.000000 there are 2122 points: t[2122] = 59989.781250
Standarized fluctuations calculated...
Power Spectra calculated and accumulated...
Between 500.000000 and 60000.000000 there are 2115 points: t[2115] = 59965.019531
Standarized fluctuations calculated...
Power Spectra calculated and accumulated...
Between 500.000000 and 60000.000000 there are 2108 points: t[2108] = 59973.988281
Standarized fluctuations calculated...
Power Spectra calculated and accumulated...
Between 500.000000 and 60000.000000 there are 2118 points: t[2118] = 59979.777344
Standarized fluctuations calculated...
Power Spectra calculated and accumulated...
Between 500.000000 and 60000.000000 there are 2105 points: t[2105] = 59965.996094
Standarized fluctuations calculated...
Power Spectra calculated and accumulated...
Between 500.000000 and 60000.000000 there are 2109 points: t[2109] = 59991.988281
Standarized fluctuations calculated...
Power Spectra calculated and accumulated...
Between 500.000000 and 60000.000000 there are 2108 points: t[2108] = 59988.359375
Standarized fluctuations calculated...
Power Spectra calculated and accumulated...
Between 500.000000 and 60000.000000 there are 2122 points: t[2122] = 59988.863281
Standarized fluctuations calculated...
Power Spectra calculated and accumulated...
Between 500.000000 and 60000.000000 there are 2113 points: t[2113] = 59968.429688
Standarized fluctuations calculated...
Power Spectra calculated and accumulated...
Between 500.000000 and 60000.000000 there are 2108 points: t[2108] = 59969.703125
Standarized fluctuations calculated...
Power Spectra calculated and accumulated...
Between 500.000000 and 60000.000000 there are 2115 points: t[2115] = 59978.542969
Standarized fluctuations calculated...
Power Spectra calculated and accumulated...
Between 500.000000 and 60000.000000 there are 2131 points: t[2131] = 59998.003906
Standarized fluctuations calculated...
Power Spectra calculated and accumulated...
Between 500.000000 and 60000.000000 there are 2125 points: t[2125] = 59990.710938
Standarized fluctuations calculated...
Power Spectra calculated and accumulated...
Between 500.000000 and 60000.000000 there are 2119 points: t[2119] = 59987.726562
Standarized fluctuations calculated...
Power Spectra calculated and accumulated...
Between 500.000000 and 60000.000000 there are 2110 points: t[2110] = 59987.750000
Standarized fluctuations calculated...
Power Spectra calculated and accumulated...
Between 500.000000 and 60000.000000 there are 2131 points: t[2131] = 59982.625000
Standarized fluctuations calculated...
Power Spectra calculated and accumulated...
Between 500.000000 and 60000.000000 there are 2120 points: t[2120] = 59971.312500
Standarized fluctuations calculated...
Power Spectra calculated and accumulated...
Between 500.000000 and 60000.000000 there are 2127 points: t[2127] = 59998.687500
Standarized fluctuations calculated...
Power Spectra calculated and accumulated...
Between 500.000000 and 60000.000000 there are 2121 points: t[2121] = 59971.652344
Standarized fluctuations calculated...
Power Spectra calculated and accumulated...
Between 500.000000 and 60000.000000 there are 2119 points: t[2119] = 59987.605469
Standarized fluctuations calculated...
Power Spectra calculated and accumulated...
Between 500.000000 and 60000.000000 there are 2121 points: t[2121] = 59996.695312
Standarized fluctuations calculated...
Power Spectra calculated and accumulated...
Between 500.000000 and 60000.000000 there are 2122 points: t[2122] = 59962.269531
Standarized fluctuations calculated...
Power Spectra calculated and accumulated...
Between 500.000000 and 60000.000000 there are 2116 points: t[2116] = 59982.265625
Standarized fluctuations calculated...
Power Spectra calculated and accumulated...
Between 500.000000 and 60000.000000 there are 2122 points: t[2122] = 59996.058594
Standarized fluctuations calculated...
Power Spectra calculated and accumulated...
Between 500.000000 and 60000.000000 there are 2099 points: t[2099] = 59979.312500
Standarized fluctuations calculated...
Power Spectra calculated and accumulated...
Between 500.000000 and 60000.000000 there are 2123 points: t[2123] = 59999.527344
Standarized fluctuations calculated...
Power Spectra calculated and accumulated...
Between 500.000000 and 60000.000000 there are 2112 points: t[2112] = 59989.398438
Standarized fluctuations calculated...
Power Spectra calculated and accumulated...
Between 500.000000 and 60000.000000 there are 2119 points: t[2119] = 59979.058594
Standarized fluctuations calculated...
Power Spectra calculated and accumulated...
Between 500.000000 and 60000.000000 there are 2106 points: t[2106] = 59970.160156
Standarized fluctuations calculated...
Power Spectra calculated and accumulated...
Between 500.000000 and 60000.000000 there are 2119 points: t[2119] = 59988.968750
Standarized fluctuations calculated...
Power Spectra calculated and accumulated...
Between 500.000000 and 60000.000000 there are 2112 points: t[2112] = 59993.238281
Standarized fluctuations calculated...
Power Spectra calculated and accumulated...
Between 500.000000 and 60000.000000 there are 2113 points: t[2113] = 59999.835938
Standarized fluctuations calculated...
Power Spectra calculated and accumulated...
Between 500.000000 and 60000.000000 there are 2119 points: t[2119] = 59971.132812
Standarized fluctuations calculated...
Power Spectra calculated and accumulated...
Between 500.000000 and 60000.000000 there are 2127 points: t[2127] = 59956.289062
Standarized fluctuations calculated...
Power Spectra calculated and accumulated...
Between 500.000000 and 60000.000000 there are 2119 points: t[2119] = 59969.027344
Standarized fluctuations calculated...
Power Spectra calculated and accumulated...
Between 500.000000 and 60000.000000 there are 2119 points: t[2119] = 59960.656250
Standarized fluctuations calculated...
Power Spectra calculated and accumulated...
Between 500.000000 and 60000.000000 there are 2110 points: t[2110] = 59982.246094
Standarized fluctuations calculated...
Power Spectra calculated and accumulated...
Between 500.000000 and 60000.000000 there are 2112 points: t[2112] = 59986.031250
Standarized fluctuations calculated...
Power Spectra calculated and accumulated...
Between 500.000000 and 60000.000000 there are 2128 points: t[2128] = 59976.269531
Standarized fluctuations calculated...
Power Spectra calculated and accumulated...
Between 500.000000 and 60000.000000 there are 2125 points: t[2125] = 59983.375000
Standarized fluctuations calculated...
Power Spectra calculated and accumulated...
Between 500.000000 and 60000.000000 there are 2107 points: t[2107] = 59950.738281
Standarized fluctuations calculated...
Power Spectra calculated and accumulated...
Between 500.000000 and 60000.000000 there are 2118 points: t[2118] = 59994.414062
Standarized fluctuations calculated...
Power Spectra calculated and accumulated...
Between 500.000000 and 60000.000000 there are 2121 points: t[2121] = 59994.230469
Standarized fluctuations calculated...
Power Spectra calculated and accumulated...
Between 500.000000 and 60000.000000 there are 2112 points: t[2112] = 59985.410156
Standarized fluctuations calculated...
Power Spectra calculated and accumulated...
Between 500.000000 and 60000.000000 there are 2113 points: t[2113] = 59984.472656
Standarized fluctuations calculated...
Power Spectra calculated and accumulated...
Between 500.000000 and 60000.000000 there are 2114 points: t[2114] = 59980.523438
Standarized fluctuations calculated...
Power Spectra calculated and accumulated...
Between 500.000000 and 60000.000000 there are 2111 points: t[2111] = 59968.242188
Standarized fluctuations calculated...
Power Spectra calculated and accumulated...
Between 500.000000 and 60000.000000 there are 2115 points: t[2115] = 59997.824219
Standarized fluctuations calculated...
Power Spectra calculated and accumulated...
Between 500.000000 and 60000.000000 there are 2105 points: t[2105] = 59973.828125
Standarized fluctuations calculated...
Power Spectra calculated and accumulated...
Between 500.000000 and 60000.000000 there are 2107 points: t[2107] = 59986.695312
Standarized fluctuations calculated...
Power Spectra calculated and accumulated...
Between 500.000000 and 60000.000000 there are 2117 points: t[2117] = 59982.496094
Standarized fluctuations calculated...
Power Spectra calculated and accumulated...
Between 500.000000 and 60000.000000 there are 2121 points: t[2121] = 59967.214844
Standarized fluctuations calculated...
Power Spectra calculated and accumulated...
Between 500.000000 and 60000.000000 there are 2128 points: t[2128] = 59977.191406
Standarized fluctuations calculated...
Power Spectra calculated and accumulated...
Between 500.000000 and 60000.000000 there are 2121 points: t[2121] = 59989.453125
Standarized fluctuations calculated...
Power Spectra calculated and accumulated...
Between 500.000000 and 60000.000000 there are 2108 points: t[2108] = 59967.933594
Standarized fluctuations calculated...
Power Spectra calculated and accumulated...
Between 500.000000 and 60000.000000 there are 2120 points: t[2120] = 59967.851562
Standarized fluctuations calculated...
Power Spectra calculated and accumulated...
Between 500.000000 and 60000.000000 there are 2112 points: t[2112] = 59994.074219
Standarized fluctuations calculated...
Power Spectra calculated and accumulated...
Between 500.000000 and 60000.000000 there are 2114 points: t[2114] = 59963.578125
Standarized fluctuations calculated...
Power Spectra calculated and accumulated...
Between 500.000000 and 60000.000000 there are 2116 points: t[2116] = 59987.757812
Standarized fluctuations calculated...
Power Spectra calculated and accumulated...
Between 500.000000 and 60000.000000 there are 2115 points: t[2115] = 59988.191406
Standarized fluctuations calculated...
Power Spectra calculated and accumulated...
Between 500.000000 and 60000.000000 there are 2122 points: t[2122] = 59965.652344
Standarized fluctuations calculated...
Power Spectra calculated and accumulated...
Between 500.000000 and 60000.000000 there are 2116 points: t[2116] = 59992.902344
Standarized fluctuations calculated...
Power Spectra calculated and accumulated...
Between 500.000000 and 60000.000000 there are 2122 points: t[2122] = 59985.988281
Standarized fluctuations calculated...
Power Spectra calculated and accumulated...
Between 500.000000 and 60000.000000 there are 2120 points: t[2120] = 59967.906250
Standarized fluctuations calculated...
Power Spectra calculated and accumulated...
Between 500.000000 and 60000.000000 there are 2120 points: t[2120] = 59998.253906
Standarized fluctuations calculated...
Power Spectra calculated and accumulated...
Between 500.000000 and 60000.000000 there are 2110 points: t[2110] = 59978.847656
Standarized fluctuations calculated...
Power Spectra calculated and accumulated...
Between 500.000000 and 60000.000000 there are 2124 points: t[2124] = 59989.210938
Standarized fluctuations calculated...
Power Spectra calculated and accumulated...
Between 500.000000 and 60000.000000 there are 2114 points: t[2114] = 59986.621094
Standarized fluctuations calculated...
Power Spectra calculated and accumulated...
Between 500.000000 and 60000.000000 there are 2117 points: t[2117] = 59984.000000
Standarized fluctuations calculated...
Power Spectra calculated and accumulated...
Between 500.000000 and 60000.000000 there are 2114 points: t[2114] = 59981.128906
Standarized fluctuations calculated...
Power Spectra calculated and accumulated...
Between 500.000000 and 60000.000000 there are 2121 points: t[2121] = 59993.617188
Standarized fluctuations calculated...
Power Spectra calculated and accumulated...
Between 500.000000 and 60000.000000 there are 2123 points: t[2123] = 59984.988281
Standarized fluctuations calculated...
Power Spectra calculated and accumulated...
Between 500.000000 and 60000.000000 there are 2123 points: t[2123] = 59986.195312
Standarized fluctuations calculated...
Power Spectra calculated and accumulated...
Between 500.000000 and 60000.000000 there are 2117 points: t[2117] = 59952.574219
Standarized fluctuations calculated...
Power Spectra calculated and accumulated...
Between 500.000000 and 60000.000000 there are 2114 points: t[2114] = 59982.660156
Standarized fluctuations calculated...
Power Spectra calculated and accumulated...
Between 500.000000 and 60000.000000 there are 2111 points: t[2111] = 59964.117188
Standarized fluctuations calculated...
Power Spectra calculated and accumulated...
Between 500.000000 and 60000.000000 there are 2117 points: t[2117] = 59988.742188
Standarized fluctuations calculated...
Power Spectra calculated and accumulated...
Between 500.000000 and 60000.000000 there are 2114 points: t[2114] = 59983.410156
Standarized fluctuations calculated...
Power Spectra calculated and accumulated...
Between 500.000000 and 60000.000000 there are 2113 points: t[2113] = 59999.234375
Standarized fluctuations calculated...
Power Spectra calculated and accumulated...
Between 500.000000 and 60000.000000 there are 2116 points: t[2116] = 59985.628906
Standarized fluctuations calculated...
Power Spectra calculated and accumulated...
Between 500.000000 and 60000.000000 there are 2104 points: t[2104] = 59970.855469
Standarized fluctuations calculated...
Power Spectra calculated and accumulated...
Between 500.000000 and 60000.000000 there are 2112 points: t[2112] = 59989.703125
Standarized fluctuations calculated...
Power Spectra calculated and accumulated...
Between 500.000000 and 60000.000000 there are 2119 points: t[2119] = 59989.234375
Standarized fluctuations calculated...
Power Spectra calculated and accumulated...
Between 500.000000 and 60000.000000 there are 2115 points: t[2115] = 59987.914062
Standarized fluctuations calculated...
Power Spectra calculated and accumulated...
Between 500.000000 and 60000.000000 there are 2124 points: t[2124] = 59999.445312
Standarized fluctuations calculated...
Power Spectra calculated and accumulated...
Between 500.000000 and 60000.000000 there are 2123 points: t[2123] = 59975.976562
Standarized fluctuations calculated...
Power Spectra calculated and accumulated...
Between 500.000000 and 60000.000000 there are 2114 points: t[2114] = 59982.921875
Standarized fluctuations calculated...
Power Spectra calculated and accumulated...
Between 500.000000 and 60000.000000 there are 2127 points: t[2127] = 59976.042969
Standarized fluctuations calculated...
Power Spectra calculated and accumulated...
Between 500.000000 and 60000.000000 there are 2123 points: t[2123] = 59950.488281
Standarized fluctuations calculated...
Power Spectra calculated and accumulated...
Between 500.000000 and 60000.000000 there are 2130 points: t[2130] = 59969.765625
Standarized fluctuations calculated...
Power Spectra calculated and accumulated...
Between 500.000000 and 60000.000000 there are 2114 points: t[2114] = 59985.140625
Standarized fluctuations calculated...
Power Spectra calculated and accumulated...
Between 500.000000 and 60000.000000 there are 2121 points: t[2121] = 59980.421875
Standarized fluctuations calculated...
Power Spectra calculated and accumulated...
Between 500.000000 and 60000.000000 there are 2118 points: t[2118] = 59973.359375
Standarized fluctuations calculated...
Power Spectra calculated and accumulated...
Between 500.000000 and 60000.000000 there are 2123 points: t[2123] = 59974.480469
Standarized fluctuations calculated...
Power Spectra calculated and accumulated...
Between 500.000000 and 60000.000000 there are 2117 points: t[2117] = 59984.597656
Standarized fluctuations calculated...
Power Spectra calculated and accumulated...
Between 500.000000 and 60000.000000 there are 2118 points: t[2118] = 59984.050781
Standarized fluctuations calculated...
Power Spectra calculated and accumulated...
Between 500.000000 and 60000.000000 there are 2113 points: t[2113] = 59961.265625
Standarized fluctuations calculated...
Power Spectra calculated and accumulated...
Between 500.000000 and 60000.000000 there are 2116 points: t[2116] = 59998.199219
Standarized fluctuations calculated...
Power Spectra calculated and accumulated...
Between 500.000000 and 60000.000000 there are 2126 points: t[2126] = 59982.386719
Standarized fluctuations calculated...
Power Spectra calculated and accumulated...
Between 500.000000 and 60000.000000 there are 2112 points: t[2112] = 59980.542969
Standarized fluctuations calculated...
Power Spectra calculated and accumulated...
Between 500.000000 and 60000.000000 there are 2113 points: t[2113] = 59992.687500
Standarized fluctuations calculated...
Power Spectra calculated and accumulated...
Between 500.000000 and 60000.000000 there are 2114 points: t[2114] = 59972.843750
Standarized fluctuations calculated...
Power Spectra calculated and accumulated...
Between 500.000000 and 60000.000000 there are 2111 points: t[2111] = 59969.726562
Standarized fluctuations calculated...
Power Spectra calculated and accumulated...
Between 500.000000 and 60000.000000 there are 2123 points: t[2123] = 59989.125000
Standarized fluctuations calculated...
Power Spectra calculated and accumulated...
Between 500.000000 and 60000.000000 there are 2121 points: t[2121] = 59978.054688
Standarized fluctuations calculated...
Power Spectra calculated and accumulated...
Between 500.000000 and 60000.000000 there are 2112 points: t[2112] = 59998.757812
Standarized fluctuations calculated...
Power Spectra calculated and accumulated...
Between 500.000000 and 60000.000000 there are 2120 points: t[2120] = 59981.367188
Standarized fluctuations calculated...
Power Spectra calculated and accumulated...
Between 500.000000 and 60000.000000 there are 2116 points: t[2116] = 59988.796875
Standarized fluctuations calculated...
Power Spectra calculated and accumulated...
Between 500.000000 and 60000.000000 there are 2116 points: t[2116] = 59997.718750
Standarized fluctuations calculated...
Power Spectra calculated and accumulated...
Between 500.000000 and 60000.000000 there are 2125 points: t[2125] = 59980.851562
Standarized fluctuations calculated...
Power Spectra calculated and accumulated...
Between 500.000000 and 60000.000000 there are 2129 points: t[2129] = 59989.921875
Standarized fluctuations calculated...
Power Spectra calculated and accumulated...
Between 500.000000 and 60000.000000 there are 2108 points: t[2108] = 59955.050781
Standarized fluctuations calculated...
Power Spectra calculated and accumulated...
Between 500.000000 and 60000.000000 there are 2119 points: t[2119] = 59986.453125
Standarized fluctuations calculated...
Power Spectra calculated and accumulated...
Between 500.000000 and 60000.000000 there are 2125 points: t[2125] = 59961.359375
Standarized fluctuations calculated...
Power Spectra calculated and accumulated...
Between 500.000000 and 60000.000000 there are 2116 points: t[2116] = 59982.722656
Standarized fluctuations calculated...
Power Spectra calculated and accumulated...
Between 500.000000 and 60000.000000 there are 2114 points: t[2114] = 59944.945312
Standarized fluctuations calculated...
Power Spectra calculated and accumulated...
Between 500.000000 and 60000.000000 there are 2114 points: t[2114] = 59949.316406
Standarized fluctuations calculated...
Power Spectra calculated and accumulated...
Between 500.000000 and 60000.000000 there are 2109 points: t[2109] = 59982.804688
Standarized fluctuations calculated...
Power Spectra calculated and accumulated...
Between 500.000000 and 60000.000000 there are 2108 points: t[2108] = 59984.753906
Standarized fluctuations calculated...
Power Spectra calculated and accumulated...
Between 500.000000 and 60000.000000 there are 2107 points: t[2107] = 59985.593750
Standarized fluctuations calculated...
Power Spectra calculated and accumulated...
Between 500.000000 and 60000.000000 there are 2118 points: t[2118] = 59979.839844
Standarized fluctuations calculated...
Power Spectra calculated and accumulated...
Between 500.000000 and 60000.000000 there are 2116 points: t[2116] = 59982.507812
Standarized fluctuations calculated...
Power Spectra calculated and accumulated...
Between 500.000000 and 60000.000000 there are 2114 points: t[2114] = 59957.824219
Standarized fluctuations calculated...
Power Spectra calculated and accumulated...
Between 500.000000 and 60000.000000 there are 2113 points: t[2113] = 59993.843750
Standarized fluctuations calculated...
Power Spectra calculated and accumulated...
Between 500.000000 and 60000.000000 there are 2112 points: t[2112] = 59976.843750
Standarized fluctuations calculated...
Power Spectra calculated and accumulated...
Between 500.000000 and 60000.000000 there are 2122 points: t[2122] = 59995.398438
Standarized fluctuations calculated...
Power Spectra calculated and accumulated...
Between 500.000000 and 60000.000000 there are 2115 points: t[2115] = 59981.171875
Standarized fluctuations calculated...
Power Spectra calculated and accumulated...
Between 500.000000 and 60000.000000 there are 2115 points: t[2115] = 59970.687500
Standarized fluctuations calculated...
Power Spectra calculated and accumulated...
Between 500.000000 and 60000.000000 there are 2119 points: t[2119] = 59998.863281
Standarized fluctuations calculated...
Power Spectra calculated and accumulated...
Between 500.000000 and 60000.000000 there are 2117 points: t[2117] = 59977.699219
Standarized fluctuations calculated...
Power Spectra calculated and accumulated...
Between 500.000000 and 60000.000000 there are 2117 points: t[2117] = 59997.949219
Standarized fluctuations calculated...
Power Spectra calculated and accumulated...
Between 500.000000 and 60000.000000 there are 2103 points: t[2103] = 59989.230469
Standarized fluctuations calculated...
Power Spectra calculated and accumulated...
Between 500.000000 and 60000.000000 there are 2117 points: t[2117] = 59992.621094
Standarized fluctuations calculated...
Power Spectra calculated and accumulated...
Between 500.000000 and 60000.000000 there are 2122 points: t[2122] = 59988.957031
Standarized fluctuations calculated...
Power Spectra calculated and accumulated...
Between 500.000000 and 60000.000000 there are 2119 points: t[2119] = 59971.992188
Standarized fluctuations calculated...
Power Spectra calculated and accumulated...
Between 500.000000 and 60000.000000 there are 2108 points: t[2108] = 59968.074219
Standarized fluctuations calculated...
Power Spectra calculated and accumulated...
Between 500.000000 and 60000.000000 there are 2119 points: t[2119] = 59998.144531
Standarized fluctuations calculated...
Power Spectra calculated and accumulated...
Between 500.000000 and 60000.000000 there are 2115 points: t[2115] = 59999.605469
Standarized fluctuations calculated...
Power Spectra calculated and accumulated...
Between 500.000000 and 60000.000000 there are 2116 points: t[2116] = 59984.675781
Standarized fluctuations calculated...
Power Spectra calculated and accumulated...
Between 500.000000 and 60000.000000 there are 2119 points: t[2119] = 59965.843750
Standarized fluctuations calculated...
Power Spectra calculated and accumulated...
Between 500.000000 and 60000.000000 there are 2118 points: t[2118] = 59976.867188
Standarized fluctuations calculated...
Power Spectra calculated and accumulated...
Between 500.000000 and 60000.000000 there are 2117 points: t[2117] = 59994.187500
Standarized fluctuations calculated...
Power Spectra calculated and accumulated...
Between 500.000000 and 60000.000000 there are 2114 points: t[2114] = 59969.003906
Standarized fluctuations calculated...
Power Spectra calculated and accumulated...
Between 500.000000 and 60000.000000 there are 2114 points: t[2114] = 59989.585938
Standarized fluctuations calculated...
Power Spectra calculated and accumulated...
Between 500.000000 and 60000.000000 there are 2117 points: t[2117] = 59980.875000
Standarized fluctuations calculated...
Power Spectra calculated and accumulated...
Between 500.000000 and 60000.000000 there are 2108 points: t[2108] = 59974.722656
Standarized fluctuations calculated...
Power Spectra calculated and accumulated...
Between 500.000000 and 60000.000000 there are 2110 points: t[2110] = 59974.015625
Standarized fluctuations calculated...
Power Spectra calculated and accumulated...
Between 500.000000 and 60000.000000 there are 2113 points: t[2113] = 59981.906250
Standarized fluctuations calculated...
Power Spectra calculated and accumulated...
Between 500.000000 and 60000.000000 there are 2116 points: t[2116] = 59957.460938
Standarized fluctuations calculated...
Power Spectra calculated and accumulated...
Between 500.000000 and 60000.000000 there are 2114 points: t[2114] = 59991.992188
Standarized fluctuations calculated...
Power Spectra calculated and accumulated...
Between 500.000000 and 60000.000000 there are 2114 points: t[2114] = 59991.429688
Standarized fluctuations calculated...
Power Spectra calculated and accumulated...
Between 500.000000 and 60000.000000 there are 2112 points: t[2112] = 59987.109375
Standarized fluctuations calculated...
Power Spectra calculated and accumulated...
Between 500.000000 and 60000.000000 there are 2122 points: t[2122] = 59995.906250
Standarized fluctuations calculated...
Power Spectra calculated and accumulated...
Between 500.000000 and 60000.000000 there are 2122 points: t[2122] = 59990.238281
Standarized fluctuations calculated...
Power Spectra calculated and accumulated...
Between 500.000000 and 60000.000000 there are 2109 points: t[2109] = 59964.761719
Standarized fluctuations calculated...
Power Spectra calculated and accumulated...
Between 500.000000 and 60000.000000 there are 2126 points: t[2126] = 59972.339844
Standarized fluctuations calculated...
Power Spectra calculated and accumulated...
Between 500.000000 and 60000.000000 there are 2119 points: t[2119] = 59985.410156
Standarized fluctuations calculated...
Power Spectra calculated and accumulated...
Between 500.000000 and 60000.000000 there are 2123 points: t[2123] = 59986.332031
Standarized fluctuations calculated...
Power Spectra calculated and accumulated...
Between 500.000000 and 60000.000000 there are 2113 points: t[2113] = 59994.863281
Standarized fluctuations calculated...
Power Spectra calculated and accumulated...
Between 500.000000 and 60000.000000 there are 2110 points: t[2110] = 59984.148438
Standarized fluctuations calculated...
Power Spectra calculated and accumulated...
Between 500.000000 and 60000.000000 there are 2115 points: t[2115] = 59989.175781
Standarized fluctuations calculated...
Power Spectra calculated and accumulated...
Between 500.000000 and 60000.000000 there are 2125 points: t[2125] = 59977.222656
Standarized fluctuations calculated...
Power Spectra calculated and accumulated...
Between 500.000000 and 60000.000000 there are 2116 points: t[2116] = 59987.269531
Standarized fluctuations calculated...
Power Spectra calculated and accumulated...
Between 500.000000 and 60000.000000 there are 2124 points: t[2124] = 59992.812500
Standarized fluctuations calculated...
Power Spectra calculated and accumulated...
Between 500.000000 and 60000.000000 there are 2116 points: t[2116] = 59997.835938
Standarized fluctuations calculated...
Power Spectra calculated and accumulated...
Between 500.000000 and 60000.000000 there are 2121 points: t[2121] = 59977.171875
Standarized fluctuations calculated...
Power Spectra calculated and accumulated...
Between 500.000000 and 60000.000000 there are 2115 points: t[2115] = 59968.476562
Standarized fluctuations calculated...
Power Spectra calculated and accumulated...
Between 500.000000 and 60000.000000 there are 2124 points: t[2124] = 59991.035156
Standarized fluctuations calculated...
Power Spectra calculated and accumulated...
Between 500.000000 and 60000.000000 there are 2124 points: t[2124] = 59955.632812
Standarized fluctuations calculated...
Power Spectra calculated and accumulated...
Between 500.000000 and 60000.000000 there are 2119 points: t[2119] = 59947.148438
Standarized fluctuations calculated...
Power Spectra calculated and accumulated...
Between 500.000000 and 60000.000000 there are 2115 points: t[2115] = 59989.382812
Standarized fluctuations calculated...
Power Spectra calculated and accumulated...
Between 500.000000 and 60000.000000 there are 2114 points: t[2114] = 59980.078125
Standarized fluctuations calculated...
Power Spectra calculated and accumulated...
Between 500.000000 and 60000.000000 there are 2116 points: t[2116] = 59991.566406
Standarized fluctuations calculated...
Power Spectra calculated and accumulated...
Between 500.000000 and 60000.000000 there are 2117 points: t[2117] = 59993.964844
Standarized fluctuations calculated...
Power Spectra calculated and accumulated...
Between 500.000000 and 60000.000000 there are 2116 points: t[2116] = 59970.820312
Standarized fluctuations calculated...
Power Spectra calculated and accumulated...
Between 500.000000 and 60000.000000 there are 2122 points: t[2122] = 59981.550781
Standarized fluctuations calculated...
Power Spectra calculated and accumulated...
Between 500.000000 and 60000.000000 there are 2121 points: t[2121] = 59968.652344
Standarized fluctuations calculated...
Power Spectra calculated and accumulated...
Between 500.000000 and 60000.000000 there are 2120 points: t[2120] = 59989.515625
Standarized fluctuations calculated...
Power Spectra calculated and accumulated...
Between 500.000000 and 60000.000000 there are 2114 points: t[2114] = 59994.832031
Standarized fluctuations calculated...
Power Spectra calculated and accumulated...
Between 500.000000 and 60000.000000 there are 2125 points: t[2125] = 59972.144531
Standarized fluctuations calculated...
Power Spectra calculated and accumulated...
Between 500.000000 and 60000.000000 there are 2121 points: t[2121] = 59991.230469
Standarized fluctuations calculated...
Power Spectra calculated and accumulated...
Between 500.000000 and 60000.000000 there are 2113 points: t[2113] = 59992.750000
Standarized fluctuations calculated...
Power Spectra calculated and accumulated...
Between 500.000000 and 60000.000000 there are 2119 points: t[2119] = 59982.902344
Standarized fluctuations calculated...
Power Spectra calculated and accumulated...
Between 500.000000 and 60000.000000 there are 2120 points: t[2120] = 59968.558594
Standarized fluctuations calculated...
Power Spectra calculated and accumulated...
Between 500.000000 and 60000.000000 there are 2120 points: t[2120] = 59989.800781
Standarized fluctuations calculated...
Power Spectra calculated and accumulated...
Between 500.000000 and 60000.000000 there are 2115 points: t[2115] = 59987.703125
Standarized fluctuations calculated...
Power Spectra calculated and accumulated...
Between 500.000000 and 60000.000000 there are 2120 points: t[2120] = 59988.785156
Standarized fluctuations calculated...
Power Spectra calculated and accumulated...
Between 500.000000 and 60000.000000 there are 2115 points: t[2115] = 59991.105469
Standarized fluctuations calculated...
Power Spectra calculated and accumulated...
Between 500.000000 and 60000.000000 there are 2109 points: t[2109] = 59983.082031
Standarized fluctuations calculated...
Power Spectra calculated and accumulated...
Between 500.000000 and 60000.000000 there are 2112 points: t[2112] = 59995.867188
Standarized fluctuations calculated...
Power Spectra calculated and accumulated...
Between 500.000000 and 60000.000000 there are 2132 points: t[2132] = 59970.339844
Standarized fluctuations calculated...
Power Spectra calculated and accumulated...
Between 500.000000 and 60000.000000 there are 2119 points: t[2119] = 59992.265625
Standarized fluctuations calculated...
Power Spectra calculated and accumulated...
Between 500.000000 and 60000.000000 there are 2124 points: t[2124] = 59972.941406
Standarized fluctuations calculated...
Power Spectra calculated and accumulated...
Between 500.000000 and 60000.000000 there are 2104 points: t[2104] = 59985.730469
Standarized fluctuations calculated...
Power Spectra calculated and accumulated...
Between 500.000000 and 60000.000000 there are 2110 points: t[2110] = 59997.878906
Standarized fluctuations calculated...
Power Spectra calculated and accumulated...
Between 500.000000 and 60000.000000 there are 2123 points: t[2123] = 59980.914062
Standarized fluctuations calculated...
Power Spectra calculated and accumulated...
Between 500.000000 and 60000.000000 there are 2118 points: t[2118] = 59999.496094
Standarized fluctuations calculated...
Power Spectra calculated and accumulated...
Between 500.000000 and 60000.000000 there are 2117 points: t[2117] = 59959.789062
Standarized fluctuations calculated...
Power Spectra calculated and accumulated...
Between 500.000000 and 60000.000000 there are 2114 points: t[2114] = 59974.742188
Standarized fluctuations calculated...
Power Spectra calculated and accumulated...
Between 500.000000 and 60000.000000 there are 2109 points: t[2109] = 59974.875000
Standarized fluctuations calculated...
Power Spectra calculated and accumulated...
Between 500.000000 and 60000.000000 there are 2110 points: t[2110] = 59967.312500
Standarized fluctuations calculated...
Power Spectra calculated and accumulated...
Between 500.000000 and 60000.000000 there are 2116 points: t[2116] = 59996.792969
Standarized fluctuations calculated...
Power Spectra calculated and accumulated...
Between 500.000000 and 60000.000000 there are 2128 points: t[2128] = 59987.347656
Standarized fluctuations calculated...
Power Spectra calculated and accumulated...
Between 500.000000 and 60000.000000 there are 2123 points: t[2123] = 59979.113281
Standarized fluctuations calculated...
Power Spectra calculated and accumulated...
Between 500.000000 and 60000.000000 there are 2114 points: t[2114] = 59980.980469
Standarized fluctuations calculated...
Power Spectra calculated and accumulated...
Between 500.000000 and 60000.000000 there are 2119 points: t[2119] = 59968.031250
Standarized fluctuations calculated...
Power Spectra calculated and accumulated...
Between 500.000000 and 60000.000000 there are 2116 points: t[2116] = 59975.320312
Standarized fluctuations calculated...
Power Spectra calculated and accumulated...
Between 500.000000 and 60000.000000 there are 2114 points: t[2114] = 59959.742188
Standarized fluctuations calculated...
Power Spectra calculated and accumulated...
Between 500.000000 and 60000.000000 there are 2119 points: t[2119] = 59977.617188
Standarized fluctuations calculated...
Power Spectra calculated and accumulated...
Between 500.000000 and 60000.000000 there are 2123 points: t[2123] = 59994.316406
Standarized fluctuations calculated...
Power Spectra calculated and accumulated...
Between 500.000000 and 60000.000000 there are 2114 points: t[2114] = 59955.367188
Standarized fluctuations calculated...
Power Spectra calculated and accumulated...
Between 500.000000 and 60000.000000 there are 2110 points: t[2110] = 59963.890625
Standarized fluctuations calculated...
Power Spectra calculated and accumulated...
Number of valid Realizations... 500
Effective time Sampling interval (days)... 28.0835
Populations fractions at Equilibrium (Imm = 1e-05)...
Susceptible: 0.137137
Infective:   0.000615891
 MODEL COMMAND LINE RUNNING PARAMETERS:
 -Q 1  >> Seasonal Forcing Control:
      Q = 0 (Non-activation of an equivalent Transmission Rate)
      Q = 1 (Non Seasonal Forced dynamics with an equivalent Beta)
 -S 0  >> Seasonal Forcing Control:
        S = 0 (No Seasonal Forcing)
        S = 1 (Sinusoidal Seasonal Forcing)
        S = 2 (beta = b_0 * (1 + b_1)^(Term))
        S = 3 (beta = b_0 * (1. + Term * b_1))
        where Term is +1 for school terms and -1 for holidays
 -R 500 >> No REPLICAS or Stochastic Realizations
 -L 1000000 >> Simulation Length
 -F 2048 >> No. of Points entering Spectral Analysis
 Times defining the Staonary Regim:
 -t0 500.000000 >> Initial Time
 -t1 60000.000000 >> Final Time
 -I 61 >> Initial number of Infective Individuals
 -M 86224 >> Initial number of Immune Individuals
 -d 5.5e-05 >> Natural Mortality Rate
  Induced Mortality:
 -a 0 >> 	a=0
  Direct Transmission Rates (Beta):
 -b 0.55 >> 	b=0.55
 -B[k]   >> Maximum and Minimum Transmission rates
       >> k = 0,1
       >> b_0 = 0.55 and b_1= 0.25
 -Y 365 >> Characteristic Period of the Seasonal Forcing
  External Transmission Rates (Immigration):
 -e 1e-05
 -mu 0 >> Loss of Immnunity Rate
 -g 0.077 >> Recovery Rate from the infection phase
 -P 100000 >> Population Size in the Villages


End of progam
